2025-04-08 11:16:00 | INFO | repo=NeuralNet | action=commit
2025-12-14 08:38:00 | INFO | repo=NeuralNet | action=commit
2025-09-28 10:33:00 | INFO | repo=NeuralNet | action=commit
2025-08-08 07:51:00 | WARN | repo=NeuralNet | action=commit
2025-08-06 20:46:00 | DEBUG | repo=NeuralNet | action=commit
2025-06-09 07:54:00 | INFO | repo=NeuralNet | action=commit
2025-08-22 08:44:00 | INFO | repo=NeuralNet | action=commit
2025-03-18 21:38:00 | DEBUG | repo=NeuralNet | action=commit
2025-09-01 18:12:00 | WARN | repo=NeuralNet | action=test | passed=true
2025-11-05 16:51:00 | DEBUG | repo=NeuralNet | action=commit
2025-03-28 09:26:00 | INFO | repo=NeuralNet | action=commit
2025-09-19 10:40:00 | WARN | repo=NeuralNet | action=commit
2025-02-09 08:07:00 | INFO | repo=NeuralNet | action=commit
2025-03-17 07:10:00 | WARN | repo=NeuralNet | action=commit
2025-07-17 20:42:00 | INFO | repo=NeuralNet | action=commit
2025-01-02 16:05:00 | INFO | repo=NeuralNet | action=commit
2025-04-12 10:04:00 | INFO | repo=NeuralNet | action=commit
2025-06-18T15:56:00 | nonce=5946594906808898986
2025-01-27T14:48:00 | nonce=5351844858505698036
2025-06-25T13:34:00 | nonce=15878881719410924372
2025-11-08T13:13:00 | nonce=505084364623225862
